TN:
SF:src/aiClient.ts
FN:17,(anonymous_1)
FN:23,(anonymous_2)
FNF:2
FNH:2
FNDA:1,(anonymous_1)
FNDA:8,(anonymous_2)
DA:1,1
DA:13,1
DA:18,1
DA:19,1
DA:24,8
DA:25,8
DA:31,8
DA:32,8
DA:34,0
DA:35,0
LF:10
LH:8
BRF:0
BRH:0
end_of_record
TN:
SF:src/baiduOCR.ts
FN:8,(anonymous_1)
FN:12,(anonymous_2)
FN:23,(anonymous_3)
FN:32,(anonymous_4)
FN:59,(anonymous_5)
FNF:5
FNH:0
FNDA:0,(anonymous_1)
FNDA:0,(anonymous_2)
FNDA:0,(anonymous_3)
FNDA:0,(anonymous_4)
FNDA:0,(anonymous_5)
DA:1,1
DA:6,0
DA:9,0
DA:13,0
DA:22,0
DA:24,0
DA:33,0
DA:35,0
DA:37,0
DA:47,0
DA:49,0
DA:50,0
DA:60,0
DA:64,1
LF:14
LH:2
BRF:0
BRH:0
end_of_record
TN:
SF:src/caseOCR.ts
FN:30,(anonymous_10)
FN:38,(anonymous_11)
FN:51,(anonymous_12)
FN:60,(anonymous_13)
FN:62,(anonymous_14)
FN:70,(anonymous_15)
FN:77,(anonymous_16)
FN:81,(anonymous_17)
FN:83,(anonymous_18)
FN:84,(anonymous_19)
FN:90,(anonymous_20)
FN:97,(anonymous_21)
FNF:12
FNH:5
FNDA:1,(anonymous_10)
FNDA:0,(anonymous_11)
FNDA:1,(anonymous_12)
FNDA:0,(anonymous_13)
FNDA:0,(anonymous_14)
FNDA:1,(anonymous_15)
FNDA:2,(anonymous_16)
FNDA:0,(anonymous_17)
FNDA:0,(anonymous_18)
FNDA:0,(anonymous_19)
FNDA:0,(anonymous_20)
FNDA:5,(anonymous_21)
DA:1,1
DA:2,1
DA:3,1
DA:23,1
DA:31,1
DA:32,1
DA:33,1
DA:34,1
DA:35,1
DA:39,0
DA:40,0
DA:42,0
DA:43,0
DA:44,0
DA:45,0
DA:47,0
DA:52,1
DA:53,1
DA:54,1
DA:55,0
DA:57,1
DA:61,0
DA:62,0
DA:63,0
DA:64,0
DA:74,1
DA:78,2
DA:82,0
DA:83,0
DA:84,0
DA:86,0
DA:87,0
DA:91,0
DA:93,0
DA:98,5
DA:103,5
LF:36
LH:17
BRF:0
BRH:0
end_of_record
TN:
SF:src/caseProcess.ts
FN:8,(anonymous_1)
FN:13,(anonymous_2)
FN:17,(anonymous_3)
FN:28,(anonymous_4)
FN:36,(anonymous_5)
FN:45,(anonymous_6)
FN:51,(anonymous_7)
FN:72,(anonymous_8)
FN:81,(anonymous_9)
FNF:9
FNH:5
FNDA:1,(anonymous_1)
FNDA:1,(anonymous_2)
FNDA:8,(anonymous_3)
FNDA:0,(anonymous_4)
FNDA:0,(anonymous_5)
FNDA:0,(anonymous_6)
FNDA:0,(anonymous_7)
FNDA:1,(anonymous_8)
FNDA:8,(anonymous_9)
DA:1,1
DA:2,1
DA:5,1
DA:9,1
DA:10,1
DA:16,1
DA:17,1
DA:18,8
DA:19,0
DA:21,8
DA:25,1
DA:29,0
DA:30,0
DA:31,0
DA:32,0
DA:33,0
DA:37,0
DA:38,0
DA:40,0
DA:41,0
DA:42,0
DA:47,0
DA:48,0
DA:51,0
DA:52,0
DA:54,0
DA:55,0
DA:57,0
DA:58,0
DA:59,0
DA:66,0
DA:69,0
DA:73,1
DA:74,1
DA:75,8
DA:77,1
DA:82,8
DA:96,8
LF:38
LH:16
BRDA:18,0,0,0
BRDA:18,0,1,8
BRDA:37,1,0,0
BRDA:38,2,0,0
BRDA:38,3,0,0
BRDA:38,3,1,0
BRDA:47,4,0,0
BRDA:58,5,0,0
BRDA:58,5,1,0
BRF:9
BRH:1
end_of_record
TN:
SF:src/config.ts
FN:5,(anonymous_9)
FN:13,(anonymous_10)
FN:21,(anonymous_11)
FN:29,(anonymous_12)
FNF:4
FNH:4
FNDA:1,(anonymous_9)
FNDA:1,(anonymous_10)
FNDA:1,(anonymous_11)
FNDA:1,(anonymous_12)
DA:1,2
DA:2,2
DA:4,2
DA:6,1
DA:7,1
DA:9,0
DA:14,1
DA:15,1
DA:17,0
DA:22,1
DA:23,1
DA:25,0
DA:30,1
DA:31,1
DA:33,0
LF:15
LH:11
BRDA:6,0,0,1
BRDA:6,0,1,0
BRDA:14,1,0,1
BRDA:14,1,1,0
BRDA:22,2,0,1
BRDA:22,2,1,0
BRDA:30,3,0,1
BRDA:30,3,1,0
BRF:8
BRH:4
end_of_record
TN:
SF:src/sortMethod.ts
FN:3,(anonymous_9)
FNF:1
FNH:1
FNDA:4,(anonymous_9)
DA:1,1
DA:3,1
DA:4,4
DA:5,4
DA:6,4
LF:5
LH:5
BRF:0
BRH:0
end_of_record
